D:\SANDBOX\TUNNELOUR\TRUNK\TUNNELOUR\BIN\DEBUG\TUNNELOUR.EXE
D:\SANDBOX\TUNNELOUR\TRUNK\TUNNELOUR\BIN\DEBUG\TUNNELOUR.ILK
D:\SANDBOX\TUNNELOUR\TRUNK\TUNNELOUR\BIN\DEBUG\TUNNELOUR.PDB
D:\SANDBOX\TUNNELOUR\TRUNK\TUNNELOUR\TUNNELOUR\BIN\DEBUG\BACKGROUND_COMPONENT.OBJ
D:\SANDBOX\TUNNELOUR\TRUNK\TUNNELOUR\TUNNELOUR\BIN\DEBUG\BITMAP_COMPONENT.OBJ
D:\SANDBOX\TUNNELOUR\TRUNK\TUNNELOUR\TUNNELOUR\BIN\DEBUG\CAMERA_COMPONENT.OBJ
D:\Sandbox\tunnelour\trunk\Tunnelour\Tunnelour\bin\Debug\cl.command.1.tlog
D:\Sandbox\tunnelour\trunk\Tunnelour\Tunnelour\bin\Debug\CL.read.1.tlog
D:\Sandbox\tunnelour\trunk\Tunnelour\Tunnelour\bin\Debug\CL.write.1.tlog
D:\SANDBOX\TUNNELOUR\TRUNK\TUNNELOUR\TUNNELOUR\BIN\DEBUG\COMPONENT.OBJ
D:\SANDBOX\TUNNELOUR\TRUNK\TUNNELOUR\TUNNELOUR\BIN\DEBUG\COMPONENT_COMPOSITE.OBJ
D:\SANDBOX\TUNNELOUR\TRUNK\TUNNELOUR\TUNNELOUR\BIN\DEBUG\COMPONENT_ID.OBJ
D:\SANDBOX\TUNNELOUR\TRUNK\TUNNELOUR\TUNNELOUR\BIN\DEBUG\CONTROLLER.OBJ
D:\SANDBOX\TUNNELOUR\TRUNK\TUNNELOUR\TUNNELOUR\BIN\DEBUG\CONTROLLER_COMPOSITE.OBJ
D:\SANDBOX\TUNNELOUR\TRUNK\TUNNELOUR\TUNNELOUR\BIN\DEBUG\DIRECT3D11_VIEW.OBJ
D:\SANDBOX\TUNNELOUR\TRUNK\TUNNELOUR\TUNNELOUR\BIN\DEBUG\DIRECT3D11_VIEW_COLORSHADER.OBJ
D:\SANDBOX\TUNNELOUR\TRUNK\TUNNELOUR\TUNNELOUR\BIN\DEBUG\DIRECT3D11_VIEW_MUTATOR.OBJ
D:\SANDBOX\TUNNELOUR\TRUNK\TUNNELOUR\TUNNELOUR\BIN\DEBUG\DIRECT3D11_VIEW_TEXTURESHADER.OBJ
D:\SANDBOX\TUNNELOUR\TRUNK\TUNNELOUR\TUNNELOUR\BIN\DEBUG\ENGINE.OBJ
D:\SANDBOX\TUNNELOUR\TRUNK\TUNNELOUR\TUNNELOUR\BIN\DEBUG\INIT_CONTROLLER.OBJ
D:\Sandbox\tunnelour\trunk\Tunnelour\Tunnelour\bin\Debug\link.3156.read.1.tlog
D:\Sandbox\tunnelour\trunk\Tunnelour\Tunnelour\bin\Debug\link.3156.write.1.tlog
D:\Sandbox\tunnelour\trunk\Tunnelour\Tunnelour\bin\Debug\link.3156-cvtres.read.1.tlog
D:\Sandbox\tunnelour\trunk\Tunnelour\Tunnelour\bin\Debug\link.3156-cvtres.write.1.tlog
D:\Sandbox\tunnelour\trunk\Tunnelour\Tunnelour\bin\Debug\link.6896.read.1.tlog
D:\Sandbox\tunnelour\trunk\Tunnelour\Tunnelour\bin\Debug\link.6896.write.1.tlog
D:\Sandbox\tunnelour\trunk\Tunnelour\Tunnelour\bin\Debug\link.6896-cvtres.read.1.tlog
D:\Sandbox\tunnelour\trunk\Tunnelour\Tunnelour\bin\Debug\link.6896-cvtres.write.1.tlog
D:\Sandbox\tunnelour\trunk\Tunnelour\Tunnelour\bin\Debug\link.command.1.tlog
D:\Sandbox\tunnelour\trunk\Tunnelour\Tunnelour\bin\Debug\link.read.1.tlog
D:\Sandbox\tunnelour\trunk\Tunnelour\Tunnelour\bin\Debug\link.write.1.tlog
D:\Sandbox\tunnelour\trunk\Tunnelour\Tunnelour\bin\Debug\link-cvtres.read.1.tlog
D:\Sandbox\tunnelour\trunk\Tunnelour\Tunnelour\bin\Debug\link-cvtres.write.1.tlog
D:\SANDBOX\TUNNELOUR\TRUNK\TUNNELOUR\TUNNELOUR\BIN\DEBUG\MESH_COMPONENT.OBJ
D:\SANDBOX\TUNNELOUR\TRUNK\TUNNELOUR\TUNNELOUR\BIN\DEBUG\MESSAGE_WRAPPER.OBJ
D:\Sandbox\tunnelour\trunk\Tunnelour\Tunnelour\bin\Debug\mt.command.1.tlog
D:\Sandbox\tunnelour\trunk\Tunnelour\Tunnelour\bin\Debug\mt.read.1.tlog
D:\Sandbox\tunnelour\trunk\Tunnelour\Tunnelour\bin\Debug\mt.write.1.tlog
D:\Sandbox\tunnelour\trunk\Tunnelour\Tunnelour\bin\Debug\rc.command.1.tlog
D:\Sandbox\tunnelour\trunk\Tunnelour\Tunnelour\bin\Debug\rc.read.1.tlog
D:\Sandbox\tunnelour\trunk\Tunnelour\Tunnelour\bin\Debug\rc.write.1.tlog
D:\SANDBOX\TUNNELOUR\TRUNK\TUNNELOUR\TUNNELOUR\BIN\DEBUG\TUNNELOUR.EXE.EMBED.MANIFEST
D:\SANDBOX\TUNNELOUR\TRUNK\TUNNELOUR\TUNNELOUR\BIN\DEBUG\TUNNELOUR.EXE.EMBED.MANIFEST.RES
D:\SANDBOX\TUNNELOUR\TRUNK\TUNNELOUR\TUNNELOUR\BIN\DEBUG\TUNNELOUR.EXE.INTERMEDIATE.MANIFEST
D:\Sandbox\tunnelour\trunk\Tunnelour\Tunnelour\bin\Debug\Tunnelour.vcxprojResolveAssemblyReference.cache
D:\Sandbox\tunnelour\trunk\Tunnelour\Tunnelour\bin\Debug\Tunnelour.write.1.tlog
D:\SANDBOX\TUNNELOUR\TRUNK\TUNNELOUR\TUNNELOUR\BIN\DEBUG\TUNNELOUR_CONTROLLER.OBJ
D:\SANDBOX\TUNNELOUR\TRUNK\TUNNELOUR\TUNNELOUR\BIN\DEBUG\TUNNELOUR_LAUNCHER.OBJ
D:\Sandbox\tunnelour\trunk\Tunnelour\Tunnelour\bin\Debug\Tunnelour_manifest.rc
D:\SANDBOX\TUNNELOUR\TRUNK\TUNNELOUR\TUNNELOUR\BIN\DEBUG\TUNNELOUR_VIEW.OBJ
D:\Sandbox\tunnelour\trunk\Tunnelour\Tunnelour\bin\Debug\vc100.idb
D:\SANDBOX\TUNNELOUR\TRUNK\TUNNELOUR\TUNNELOUR\BIN\DEBUG\VC100.PDB
D:\SANDBOX\TUNNELOUR\TRUNK\TUNNELOUR\TUNNELOUR\BIN\DEBUG\VIEW.OBJ
D:\SANDBOX\TUNNELOUR\TRUNK\TUNNELOUR\TUNNELOUR\BIN\DEBUG\VIEW_COMPOSITE.OBJ
