Build started 5/30/2012 9:28:49 AM.
     1>Project "D:\Sandbox\tunnelour\trunk\Tunnelour\Tunnelour\Tunnelour.vcxproj" on node 2 (build target(s)).
     1>InitializeBuildStatus:
         Creating "bin\Debug\Tunnelour.unsuccessfulbuild" because "AlwaysCreate" was specified.
       ClCompile:
         C:\Program Files (x86)\Microsoft Visual Studio 10.0\VC\bin\CL.exe /c /ZI /nologo /W3 /WX- /Od /Oy- /D WIN32 /D _DEBUG /D _WINDOWS /D _UNICODE /D UNICODE /Gm /EHsc /RTC1 /MDd /GS /fp:precise /Zc:wchar_t /Zc:forScope /Fo"bin\Debug\\" /Fd"bin\Debug\vc100.pdb" /Gd /TP /analyze- /errorReport:prompt src\Bitmap_Component.cc
         Bitmap_Component.cc
     1>d:\sandbox\tunnelour\trunk\tunnelour\tunnelour\src\bitmap_component.cc(128): warning C4101: 'result' : unreferenced local variable
       ManifestResourceCompile:
         All outputs are up-to-date.
       Link:
         C:\Program Files (x86)\Microsoft Visual Studio 10.0\VC\bin\link.exe /ERRORREPORT:PROMPT /OUT:"D:\Sandbox\tunnelour\trunk\Tunnelour\bin\Debug\Tunnelour.exe" /INCREMENTAL /NOLOGO kernel32.lib user32.lib gdi32.lib winspool.lib comdlg32.lib advapi32.lib shell32.lib ole32.lib oleaut32.lib uuid.lib odbc32.lib odbccp32.lib /MANIFEST /ManifestFile:"bin\Debug\Tunnelour.exe.intermediate.manifest" /MANIFESTUAC:"level='asInvoker' uiAccess='false'" /DEBUG /PDB:"D:\Sandbox\tunnelour\trunk\Tunnelour\bin\Debug\Tunnelour.pdb" /SUBSYSTEM:WINDOWS /TLBID:1 /DYNAMICBASE /NXCOMPAT /IMPLIB:"D:\Sandbox\tunnelour\trunk\Tunnelour\bin\Debug\Tunnelour.lib" /MACHINE:X86 bin\Debug\Tunnelour.exe.embed.manifest.res
         bin\Debug\Background_Component.obj
         bin\Debug\Camera_Component.obj
         bin\Debug\Component.obj
         bin\Debug\Component_Composite.obj
         bin\Debug\Component_ID.obj
         bin\Debug\Controller_Composite.obj
         bin\Debug\Controller.obj
         bin\Debug\Direct3D11_View.obj
         bin\Debug\Direct3D11_View_ColorShader.obj
         bin\Debug\Direct3D11_View_Mutator.obj
         bin\Debug\Direct3D11_View_TextureShader.obj
         bin\Debug\Engine.obj
         bin\Debug\Init_Controller.obj
         bin\Debug\Mesh_Component.obj
         bin\Debug\Message_Wrapper.obj
         bin\Debug\Bitmap_Component.obj
         bin\Debug\Tunnelour_Controller.obj
         bin\Debug\Tunnelour_Launcher.obj
         bin\Debug\Tunnelour_View.obj
         bin\Debug\View.obj
         bin\Debug\View_Composite.obj
       Manifest:
         C:\Program Files (x86)\Windows Kits\8.0\bin\x86\mt.exe /nologo /verbose /out:"bin\Debug\Tunnelour.exe.embed.manifest" /manifest bin\Debug\Tunnelour.exe.intermediate.manifest
         All outputs are up-to-date.
       LinkEmbedManifest:
         All outputs are up-to-date.
         Tunnelour.vcxproj -> D:\Sandbox\tunnelour\trunk\Tunnelour\bin\Debug\Tunnelour.exe
       PostBuildEvent:
         IF NOT EXIST "D:\Sandbox\tunnelour\trunk\Tunnelour\bin\Debug\resrc" md "D:\Sandbox\tunnelour\trunk\Tunnelour\bin\Debug\resource"
         xcopy /E /I /Q /Y /Z "D:\Sandbox\tunnelour\trunk\Tunnelour\Tunnelour\resource" "D:\Sandbox\tunnelour\trunk\Tunnelour\bin\Debug\resource"
         :VCEnd
         A subdirectory or file D:\Sandbox\tunnelour\trunk\Tunnelour\bin\Debug\resource already exists.
         5 File(s) copied
       FinalizeBuildStatus:
         Deleting file "bin\Debug\Tunnelour.unsuccessfulbuild".
         Touching "bin\Debug\Tunnelour.lastbuildstate".
     1>Done Building Project "D:\Sandbox\tunnelour\trunk\Tunnelour\Tunnelour\Tunnelour.vcxproj" (build target(s)).

Build succeeded.

Time Elapsed 00:00:01.73
